This is pdfTeX, Version 3.1415926-2.3-1.40.12 (MiKTeX 2.9 64-bit) (preloaded format=pdflatex 2013.3.6)  14 JAN 2014 20:41
entering extended mode
**BACHELOR_THESIS.tex

(D:\Gerard\Dropbox\TFC\codi\GitHub\BachelorThesisMisc\ThesisDoc\BACHELOR_THESIS
.tex
LaTeX2e <2011/06/27>
Babel <v3.8m> and hyphenation patterns for english, afrikaans, ancientgreek, ar
abic, armenian, assamese, basque, bengali, bokmal, bulgarian, catalan, coptic, 
croatian, czech, danish, dutch, esperanto, estonian, farsi, finnish, french, ga
lician, german, german-x-2009-06-19, greek, gujarati, hindi, hungarian, iceland
ic, indonesian, interlingua, irish, italian, kannada, kurmanji, lao, latin, lat
vian, lithuanian, malayalam, marathi, mongolian, mongolianlmc, monogreek, ngerm
an, ngerman-x-2009-06-19, nynorsk, oriya, panjabi, pinyin, polish, portuguese, 
romanian, russian, sanskrit, serbian, slovak, slovenian, spanish, swedish, swis
sgerman, tamil, telugu, turkish, turkmen, ukenglish, ukrainian, uppersorbian, u
senglishmax, welsh, loaded.

(D:\Gerard\Dropbox\TFC\codi\GitHub\BachelorThesisMisc\ThesisDoc\epsc_tfc_pfc.cl
s
Document Class: epsc_tfc_pfc 2006/03/09 v1.4 EPSC TFC/PFC document style
("C:\Program Files\MiKTeX 2.9\tex\latex\base\ifthen.sty"
Package: ifthen 2001/05/26 v1.1c Standard LaTeX ifthen package (DPC)
)
("C:\Program Files\MiKTeX 2.9\tex\latex\base\book.cls"
Document Class: book 2007/10/19 v1.4h Standard LaTeX document class
("C:\Program Files\MiKTeX 2.9\tex\latex\base\bk12.clo"
File: bk12.clo 2007/10/19 v1.4h Standard LaTeX file (size option)
)
\c@part=\count79
\c@chapter=\count80
\c@section=\count81
\c@subsection=\count82
\c@subsubsection=\count83
\c@paragraph=\count84
\c@subparagraph=\count85
\c@figure=\count86
\c@table=\count87
\abovecaptionskip=\skip41
\belowcaptionskip=\skip42
\bibindent=\dimen102
)
("C:\Program Files\MiKTeX 2.9\tex\latex\fancyhdr\fancyhdr.sty"
\fancy@headwidth=\skip43
\f@ncyO@elh=\skip44
\f@ncyO@erh=\skip45
\f@ncyO@olh=\skip46
\f@ncyO@orh=\skip47
\f@ncyO@elf=\skip48
\f@ncyO@erf=\skip49
\f@ncyO@olf=\skip50
\f@ncyO@orf=\skip51
)
("C:\Program Files\MiKTeX 2.9\tex\latex\tools\calc.sty"
Package: calc 2007/08/22 v4.3 Infix arithmetic (KKT,FJ)
\calc@Acount=\count88
\calc@Bcount=\count89
\calc@Adimen=\dimen103
\calc@Bdimen=\dimen104
\calc@Askip=\skip52
\calc@Bskip=\skip53
LaTeX Info: Redefining \setlength on input line 76.
LaTeX Info: Redefining \addtolength on input line 77.
\calc@Ccount=\count90
\calc@Cskip=\skip54
)
("C:\Program Files\MiKTeX 2.9\tex\latex\graphics\graphics.sty"
Package: graphics 2009/02/05 v1.0o Standard LaTeX Graphics (DPC,SPQR)

("C:\Program Files\MiKTeX 2.9\tex\latex\graphics\trig.sty"
Package: trig 1999/03/16 v1.09 sin cos tan (DPC)
)
("C:\Program Files\MiKTeX 2.9\tex\latex\00miktex\graphics.cfg"
File: graphics.cfg 2007/01/18 v1.5 graphics configuration of teTeX/TeXLive
)
Package graphics Info: Driver file: pdftex.def on input line 91.

("C:\Program Files\MiKTeX 2.9\tex\latex\pdftex-def\pdftex.def"
File: pdftex.def 2011/05/27 v0.06d Graphics/color for pdfTeX

("C:\Program Files\MiKTeX 2.9\tex\generic\oberdiek\infwarerr.sty"
Package: infwarerr 2010/04/08 v1.3 Providing info/warning/error messages (HO)
)
("C:\Program Files\MiKTeX 2.9\tex\generic\oberdiek\ltxcmds.sty"
Package: ltxcmds 2011/11/09 v1.22 LaTeX kernel commands for general use (HO)
)
\Gread@gobject=\count91
))
("C:\Program Files\MiKTeX 2.9\tex\latex\graphics\epsfig.sty"
Package: epsfig 1999/02/16 v1.7a (e)psfig emulation (SPQR)

("C:\Program Files\MiKTeX 2.9\tex\latex\graphics\graphicx.sty"
Package: graphicx 1999/02/16 v1.0f Enhanced LaTeX Graphics (DPC,SPQR)

("C:\Program Files\MiKTeX 2.9\tex\latex\graphics\keyval.sty"
Package: keyval 1999/03/16 v1.13 key=value parser (DPC)
\KV@toks@=\toks14
)
\Gin@req@height=\dimen105
\Gin@req@width=\dimen106
)
\epsfxsize=\dimen107
\epsfysize=\dimen108
)
("C:\Program Files\MiKTeX 2.9\tex\latex\tocloft\tocloft.sty"
Package: tocloft 2010/10/13 v2.3e parameterised ToC, etc., typesetting
Package tocloft Info: The document has chapter divisions on input line 43.
\cftparskip=\skip55
\cftbeforetoctitleskip=\skip56
\cftaftertoctitleskip=\skip57
\cftbeforepartskip=\skip58
\cftpartnumwidth=\skip59
\cftpartindent=\skip60
\cftbeforechapskip=\skip61
\cftchapindent=\skip62
\cftchapnumwidth=\skip63
\cftbeforesecskip=\skip64
\cftsecindent=\skip65
\cftsecnumwidth=\skip66
\cftbeforesubsecskip=\skip67
\cftsubsecindent=\skip68
\cftsubsecnumwidth=\skip69
\cftbeforesubsubsecskip=\skip70
\cftsubsubsecindent=\skip71
\cftsubsubsecnumwidth=\skip72
\cftbeforeparaskip=\skip73
\cftparaindent=\skip74
\cftparanumwidth=\skip75
\cftbeforesubparaskip=\skip76
\cftsubparaindent=\skip77
\cftsubparanumwidth=\skip78
\cftbeforeloftitleskip=\skip79
\cftafterloftitleskip=\skip80
\cftbeforefigskip=\skip81
\cftfigindent=\skip82
\cftfignumwidth=\skip83
\c@lofdepth=\count92
\c@lotdepth=\count93
\cftbeforelottitleskip=\skip84
\cftafterlottitleskip=\skip85
\cftbeforetabskip=\skip86
\cfttabindent=\skip87
\cfttabnumwidth=\skip88
)
("C:\Program Files\MiKTeX 2.9\tex\latex\pslatex\pslatex.sty"
Package: pslatex 1996/07/24 v1.2 pslatex emulation (DPC)
LaTeX Font Info:    Redeclaring symbol font `operators' on input line 65.
LaTeX Font Info:    Overwriting symbol font `operators' in version `normal'
(Font)                  OT1/cmr/m/n --> OT1/ptmcm/m/n on input line 65.
LaTeX Font Info:    Overwriting symbol font `operators' in version `bold'
(Font)                  OT1/cmr/bx/n --> OT1/ptmcm/m/n on input line 65.
LaTeX Font Info:    Redeclaring symbol font `letters' on input line 66.
LaTeX Font Info:    Overwriting symbol font `letters' in version `normal'
(Font)                  OML/cmm/m/it --> OML/ptmcm/m/it on input line 66.
LaTeX Font Info:    Overwriting symbol font `letters' in version `bold'
(Font)                  OML/cmm/b/it --> OML/ptmcm/m/it on input line 66.
LaTeX Font Info:    Redeclaring symbol font `symbols' on input line 67.
LaTeX Font Info:    Overwriting symbol font `symbols' in version `normal'
(Font)                  OMS/cmsy/m/n --> OMS/pzccm/m/n on input line 67.
LaTeX Font Info:    Overwriting symbol font `symbols' in version `bold'
(Font)                  OMS/cmsy/b/n --> OMS/pzccm/m/n on input line 67.
LaTeX Font Info:    Redeclaring symbol font `largesymbols' on input line 68.
LaTeX Font Info:    Overwriting symbol font `largesymbols' in version `normal'
(Font)                  OMX/cmex/m/n --> OMX/psycm/m/n on input line 68.
LaTeX Font Info:    Overwriting symbol font `largesymbols' in version `bold'
(Font)                  OMX/cmex/m/n --> OMX/psycm/m/n on input line 68.
\symbold=\mathgroup4
\symitalic=\mathgroup5
LaTeX Font Info:    Redeclaring math alphabet \mathbf on input line 74.
LaTeX Font Info:    Overwriting math alphabet `\mathbf' in version `normal'
(Font)                  OT1/cmr/bx/n --> OT1/ptm/bx/n on input line 74.
LaTeX Font Info:    Overwriting math alphabet `\mathbf' in version `bold'
(Font)                  OT1/cmr/bx/n --> OT1/ptm/bx/n on input line 74.
LaTeX Font Info:    Redeclaring math alphabet \mathit on input line 75.
LaTeX Font Info:    Overwriting math alphabet `\mathit' in version `normal'
(Font)                  OT1/cmr/m/it --> OT1/ptm/m/it on input line 75.
LaTeX Font Info:    Overwriting math alphabet `\mathit' in version `bold'
(Font)                  OT1/cmr/bx/it --> OT1/ptm/m/it on input line 75.
)
("C:\Program Files\MiKTeX 2.9\tex\latex\psnfss\helvet.sty"
Package: helvet 2005/04/12 PSNFSS-v9.2a (WaS) 
)
(D:\Gerard\Dropbox\TFC\codi\GitHub\BachelorThesisMisc\ThesisDoc\dades.tex
\logoHeight=\skip89
\logo=\box26

<./pictures/logos/logo_EETAC.png, id=1, 5500.55pt x 1264.725pt>
File: ./pictures/logos/logo_EETAC.png Graphic file (type png)

<use ./pictures/logos/logo_EETAC.png>
Package pdftex.def Info: ./pictures/logos/logo_EETAC.png used on input line 90.

(pdftex.def)             Requested size: 5500.53667pt x 1264.72192pt.
)
\Lautors=\skip90
\logoEPSCheight=\skip91
\logoEPSC=\box27
File: ./pictures/logos/logo_EETAC.png Graphic file (type png)
 <use ./pictures/logos/logo_EETAC.png>
Package pdftex.def Info: ./pictures/logos/logo_EETAC.png used on input line 208
.
(pdftex.def)             Requested size: 5500.53667pt x 1264.72192pt.

("C:\Program Files\MiKTeX 2.9\tex\latex\caption\caption.sty"
Package: caption 2012/02/19 v3.2f Customizing captions (AR)

("C:\Program Files\MiKTeX 2.9\tex\latex\caption\caption3.sty"
Package: caption3 2012/01/12 v1.4b caption3 kernel (AR)
\captionmargin=\dimen109
\captionmargin@=\dimen110
\captionwidth=\dimen111
\caption@indent=\dimen112
\caption@parindent=\dimen113
\caption@hangindent=\dimen114
)
\c@ContinuedFloat=\count94
)
("C:\Program Files\MiKTeX 2.9\tex\latex\hyphenat\hyphenat.sty"
Package: hyphenat 2009/09/02 v2.3c hyphenation utilities
\langwohyphens=\language70
LaTeX Info: Redefining \_ on input line 43.
)
("C:\Program Files\MiKTeX 2.9\tex\latex\base\fontenc.sty"
Package: fontenc 2005/09/27 v1.99g Standard LaTeX package

("C:\Program Files\MiKTeX 2.9\tex\latex\base\t1enc.def"
File: t1enc.def 2005/09/27 v1.99g Standard LaTeX file
LaTeX Font Info:    Redeclaring font encoding T1 on input line 43.
))
("C:\Program Files\MiKTeX 2.9\tex\latex\bera\beramono.sty"
Package: beramono 2004/01/31 (WaS)
)
("C:\Program Files\MiKTeX 2.9\tex\latex\graphics\color.sty"
Package: color 2005/11/14 v1.0j Standard LaTeX Color (DPC)

("C:\Program Files\MiKTeX 2.9\tex\latex\00miktex\color.cfg"
File: color.cfg 2007/01/18 v1.5 color configuration of teTeX/TeXLive
)
Package color Info: Driver file: pdftex.def on input line 130.
)
("C:\Program Files\MiKTeX 2.9\tex\latex\upquote\upquote.sty"
Package: upquote 2012/04/19 v1.3 upright-quote and grave-accent glyphs in verba
tim

("C:\Program Files\MiKTeX 2.9\tex\latex\base\textcomp.sty"
Package: textcomp 2005/09/27 v1.99g Standard LaTeX package
Package textcomp Info: Sub-encoding information:
(textcomp)               5 = only ISO-Adobe without \textcurrency
(textcomp)               4 = 5 + \texteuro
(textcomp)               3 = 4 + \textohm
(textcomp)               2 = 3 + \textestimated + \textcurrency
(textcomp)               1 = TS1 - \textcircled - \t
(textcomp)               0 = TS1 (full)
(textcomp)             Font families with sub-encoding setting implement
(textcomp)             only a restricted character set as indicated.
(textcomp)             Family '?' is the default used for unknown fonts.
(textcomp)             See the documentation for details.
Package textcomp Info: Setting ? sub-encoding to TS1/1 on input line 71.

("C:\Program Files\MiKTeX 2.9\tex\latex\base\ts1enc.def"
File: ts1enc.def 2001/06/05 v3.0e (jk/car/fm) Standard LaTeX file
)
LaTeX Info: Redefining \oldstylenums on input line 266.
Package textcomp Info: Setting cmr sub-encoding to TS1/0 on input line 281.
Package textcomp Info: Setting cmss sub-encoding to TS1/0 on input line 282.
Package textcomp Info: Setting cmtt sub-encoding to TS1/0 on input line 283.
Package textcomp Info: Setting cmvtt sub-encoding to TS1/0 on input line 284.
Package textcomp Info: Setting cmbr sub-encoding to TS1/0 on input line 285.
Package textcomp Info: Setting cmtl sub-encoding to TS1/0 on input line 286.
Package textcomp Info: Setting ccr sub-encoding to TS1/0 on input line 287.
Package textcomp Info: Setting ptm sub-encoding to TS1/4 on input line 288.
Package textcomp Info: Setting pcr sub-encoding to TS1/4 on input line 289.
Package textcomp Info: Setting phv sub-encoding to TS1/4 on input line 290.
Package textcomp Info: Setting ppl sub-encoding to TS1/3 on input line 291.
Package textcomp Info: Setting pag sub-encoding to TS1/4 on input line 292.
Package textcomp Info: Setting pbk sub-encoding to TS1/4 on input line 293.
Package textcomp Info: Setting pnc sub-encoding to TS1/4 on input line 294.
Package textcomp Info: Setting pzc sub-encoding to TS1/4 on input line 295.
Package textcomp Info: Setting bch sub-encoding to TS1/4 on input line 296.
Package textcomp Info: Setting put sub-encoding to TS1/5 on input line 297.
Package textcomp Info: Setting uag sub-encoding to TS1/5 on input line 298.
Package textcomp Info: Setting ugq sub-encoding to TS1/5 on input line 299.
Package textcomp Info: Setting ul8 sub-encoding to TS1/4 on input line 300.
Package textcomp Info: Setting ul9 sub-encoding to TS1/4 on input line 301.
Package textcomp Info: Setting augie sub-encoding to TS1/5 on input line 302.
Package textcomp Info: Setting dayrom sub-encoding to TS1/3 on input line 303.
Package textcomp Info: Setting dayroms sub-encoding to TS1/3 on input line 304.

Package textcomp Info: Setting pxr sub-encoding to TS1/0 on input line 305.
Package textcomp Info: Setting pxss sub-encoding to TS1/0 on input line 306.
Package textcomp Info: Setting pxtt sub-encoding to TS1/0 on input line 307.
Package textcomp Info: Setting txr sub-encoding to TS1/0 on input line 308.
Package textcomp Info: Setting txss sub-encoding to TS1/0 on input line 309.
Package textcomp Info: Setting txtt sub-encoding to TS1/0 on input line 310.
Package textcomp Info: Setting lmr sub-encoding to TS1/0 on input line 311.
Package textcomp Info: Setting lmdh sub-encoding to TS1/0 on input line 312.
Package textcomp Info: Setting lmss sub-encoding to TS1/0 on input line 313.
Package textcomp Info: Setting lmssq sub-encoding to TS1/0 on input line 314.
Package textcomp Info: Setting lmvtt sub-encoding to TS1/0 on input line 315.
Package textcomp Info: Setting qhv sub-encoding to TS1/0 on input line 316.
Package textcomp Info: Setting qag sub-encoding to TS1/0 on input line 317.
Package textcomp Info: Setting qbk sub-encoding to TS1/0 on input line 318.
Package textcomp Info: Setting qcr sub-encoding to TS1/0 on input line 319.
Package textcomp Info: Setting qcs sub-encoding to TS1/0 on input line 320.
Package textcomp Info: Setting qpl sub-encoding to TS1/0 on input line 321.
Package textcomp Info: Setting qtm sub-encoding to TS1/0 on input line 322.
Package textcomp Info: Setting qzc sub-encoding to TS1/0 on input line 323.
Package textcomp Info: Setting qhvc sub-encoding to TS1/0 on input line 324.
Package textcomp Info: Setting futs sub-encoding to TS1/4 on input line 325.
Package textcomp Info: Setting futx sub-encoding to TS1/4 on input line 326.
Package textcomp Info: Setting futj sub-encoding to TS1/4 on input line 327.
Package textcomp Info: Setting hlh sub-encoding to TS1/3 on input line 328.
Package textcomp Info: Setting hls sub-encoding to TS1/3 on input line 329.
Package textcomp Info: Setting hlst sub-encoding to TS1/3 on input line 330.
Package textcomp Info: Setting hlct sub-encoding to TS1/5 on input line 331.
Package textcomp Info: Setting hlx sub-encoding to TS1/5 on input line 332.
Package textcomp Info: Setting hlce sub-encoding to TS1/5 on input line 333.
Package textcomp Info: Setting hlcn sub-encoding to TS1/5 on input line 334.
Package textcomp Info: Setting hlcw sub-encoding to TS1/5 on input line 335.
Package textcomp Info: Setting hlcf sub-encoding to TS1/5 on input line 336.
Package textcomp Info: Setting pplx sub-encoding to TS1/3 on input line 337.
Package textcomp Info: Setting pplj sub-encoding to TS1/3 on input line 338.
Package textcomp Info: Setting ptmx sub-encoding to TS1/4 on input line 339.
Package textcomp Info: Setting ptmj sub-encoding to TS1/4 on input line 340.
))
("C:\Program Files\MiKTeX 2.9\tex\latex\xcolor\xcolor.sty"
Package: xcolor 2007/01/21 v2.11 LaTeX color extensions (UK)

("C:\Program Files\MiKTeX 2.9\tex\latex\00miktex\color.cfg"
File: color.cfg 2007/01/18 v1.5 color configuration of teTeX/TeXLive
)
Package xcolor Info: Driver file: pdftex.def on input line 225.
LaTeX Info: Redefining \color on input line 702.
Package xcolor Info: Model `cmy' substituted by `cmy0' on input line 1337.
Package xcolor Info: Model `hsb' substituted by `rgb' on input line 1341.
Package xcolor Info: Model `RGB' extended on input line 1353.
Package xcolor Info: Model `HTML' substituted by `rgb' on input line 1355.
Package xcolor Info: Model `Hsb' substituted by `hsb' on input line 1356.
Package xcolor Info: Model `tHsb' substituted by `hsb' on input line 1357.
Package xcolor Info: Model `HSB' substituted by `hsb' on input line 1358.
Package xcolor Info: Model `Gray' substituted by `gray' on input line 1359.
Package xcolor Info: Model `wave' substituted by `hsb' on input line 1360.
)
("C:\Program Files\MiKTeX 2.9\tex\latex\listings\listings.sty"
\lst@mode=\count95
\lst@gtempboxa=\box28
\lst@token=\toks15
\lst@length=\count96
\lst@currlwidth=\dimen115
\lst@column=\count97
\lst@pos=\count98
\lst@lostspace=\dimen116
\lst@width=\dimen117
\lst@newlines=\count99
\lst@lineno=\count100
\lst@maxwidth=\dimen118

("C:\Program Files\MiKTeX 2.9\tex\latex\listings\lstmisc.sty"
File: lstmisc.sty 2007/02/22 1.4 (Carsten Heinz)
\c@lstnumber=\count101
\lst@skipnumbers=\count102
\lst@framebox=\box29
)
("C:\Program Files\MiKTeX 2.9\tex\latex\listings\listings.cfg"
File: listings.cfg 2007/02/22 1.4 listings configuration
))
Package: listings 2007/02/22 1.4 (Carsten Heinz)
)
("C:\Program Files\MiKTeX 2.9\tex\generic\babel\babel.sty"
Package: babel 2008/07/08 v3.8m The Babel package

*************************************
* Local config file bblopts.cfg used
*
("C:\Program Files\MiKTeX 2.9\tex\latex\00miktex\bblopts.cfg"
File: bblopts.cfg 2006/07/31 v1.0 MiKTeX 'babel' configuration
)
("C:\Program Files\MiKTeX 2.9\tex\generic\babel\english.ldf"
Language: english 2005/03/30 v3.3o English support from the babel system

("C:\Program Files\MiKTeX 2.9\tex\generic\babel\babel.def"
File: babel.def 2008/07/08 v3.8m Babel common definitions
\babel@savecnt=\count103
\U@D=\dimen119
)
\l@canadian = a dialect from \language\l@american 
\l@australian = a dialect from \language\l@british 
\l@newzealand = a dialect from \language\l@british 
)
("C:\Program Files\MiKTeX 2.9\tex\generic\babel\catalan.ldf"
Language: catalan 2005/03/29 v2.2p Catalan support from the babel system
Package babel Info: Making " an active character on input line 91.
\leftllkern=\dimen120
\rightllkern=\dimen121
\raiselldim=\dimen122
))
("C:\Program Files\MiKTeX 2.9\tex\latex\base\inputenc.sty"
Package: inputenc 2008/03/30 v1.1d Input encoding file
\inpenc@prehook=\toks16
\inpenc@posthook=\toks17

("C:\Program Files\MiKTeX 2.9\tex\latex\base\latin1.def"
File: latin1.def 2008/03/30 v1.1d Input encoding file
))
("C:\Program Files\MiKTeX 2.9\tex\latex\amsfonts\amssymb.sty"
Package: amssymb 2009/06/22 v3.00

("C:\Program Files\MiKTeX 2.9\tex\latex\amsfonts\amsfonts.sty"
Package: amsfonts 2009/06/22 v3.00 Basic AMSFonts support
\@emptytoks=\toks18
\symAMSa=\mathgroup6
\symAMSb=\mathgroup7
LaTeX Font Info:    Overwriting math alphabet `\mathfrak' in version `bold'
(Font)                  U/euf/m/n --> U/euf/b/n on input line 96.
))
("C:\Program Files\MiKTeX 2.9\tex\latex\ams\math\amsmath.sty"
Package: amsmath 2000/07/18 v2.13 AMS math features
\@mathmargin=\skip92

For additional information on amsmath, use the `?' option.
("C:\Program Files\MiKTeX 2.9\tex\latex\ams\math\amstext.sty"
Package: amstext 2000/06/29 v2.01

("C:\Program Files\MiKTeX 2.9\tex\latex\ams\math\amsgen.sty"
File: amsgen.sty 1999/11/30 v2.0
\@emptytoks=\toks19
\ex@=\dimen123
))
("C:\Program Files\MiKTeX 2.9\tex\latex\ams\math\amsbsy.sty"
Package: amsbsy 1999/11/29 v1.2d
\pmbraise@=\dimen124
)
("C:\Program Files\MiKTeX 2.9\tex\latex\ams\math\amsopn.sty"
Package: amsopn 1999/12/14 v2.01 operator names
)
\inf@bad=\count104
LaTeX Info: Redefining \frac on input line 211.
\uproot@=\count105
\leftroot@=\count106
LaTeX Info: Redefining \overline on input line 307.
\classnum@=\count107
\DOTSCASE@=\count108
LaTeX Info: Redefining \ldots on input line 379.
LaTeX Info: Redefining \dots on input line 382.
LaTeX Info: Redefining \cdots on input line 467.
\Mathstrutbox@=\box30
\strutbox@=\box31
\big@size=\dimen125
LaTeX Font Info:    Redeclaring font encoding OML on input line 567.
LaTeX Font Info:    Redeclaring font encoding OMS on input line 568.
\macc@depth=\count109
\c@MaxMatrixCols=\count110
\dotsspace@=\muskip10
\c@parentequation=\count111
\dspbrk@lvl=\count112
\tag@help=\toks20
\row@=\count113
\column@=\count114
\maxfields@=\count115
\andhelp@=\toks21
\eqnshift@=\dimen126
\alignsep@=\dimen127
\tagshift@=\dimen128
\tagwidth@=\dimen129
\totwidth@=\dimen130
\lineht@=\dimen131
\@envbody=\toks22
\multlinegap=\skip93
\multlinetaggap=\skip94
\mathdisplay@stack=\toks23
LaTeX Info: Redefining \[ on input line 2666.
LaTeX Info: Redefining \] on input line 2667.
)
("C:\Program Files\MiKTeX 2.9\tex\latex\titlesec\titlesec.sty"
Package: titlesec 2011/12/15 v2.10.0 Sectioning titles
\ttl@box=\box32
\beforetitleunit=\skip95
\aftertitleunit=\skip96
\ttl@plus=\dimen132
\ttl@minus=\dimen133
\ttl@toksa=\toks24
\titlewidth=\dimen134
\titlewidthlast=\dimen135
\titlewidthfirst=\dimen136
)
("C:\Program Files\MiKTeX 2.9\tex\latex\glossaries\base\glossaries.sty"
Package: glossaries 2011/04/12 v3.01 (NLCT)

("C:\Program Files\MiKTeX 2.9\tex\latex\xkeyval\xkeyval.sty"
Package: xkeyval 2008/08/13 v2.6a package option processing (HA)

("C:\Program Files\MiKTeX 2.9\tex\generic\xkeyval\xkeyval.tex"
\XKV@toks=\toks25
\XKV@tempa@toks=\toks26
\XKV@depth=\count116
File: xkeyval.tex 2008/08/13 v2.6a key=value parser (HA)
))
("C:\Program Files\MiKTeX 2.9\tex\latex\glossaries\base\mfirstuc.sty"
Package: mfirstuc 2011/04/02 v1.05 (NLCT)
\@glsmfirst=\toks27
\@glsmrest=\toks28
)
("C:\Program Files\MiKTeX 2.9\tex\latex\xfor\xfor.sty"
Package: xfor 2009/02/05 v1.05 (NLCT)
)
("C:\Program Files\MiKTeX 2.9\tex\latex\etoolbox\etoolbox.sty"
Package: etoolbox 2011/01/03 v2.1 e-TeX tools for LaTeX

("C:\Program Files\MiKTeX 2.9\tex\latex\misc\etex.sty"
Package: etex 1998/03/26 v2.0 eTeX basic definition package (PEB)
\et@xins=\count117
)
\etb@tempcnta=\count118
)
("C:\Program Files\MiKTeX 2.9\tex\latex\beamer\base\translator\translator.sty"
Package: translator 2010/06/12 ver 1.10

("C:\Program Files\MiKTeX 2.9\tex\latex\beamer\base\translator\translator-langu
age-mappings.tex"))
\gls@level=\count119
\@gls@tmpb=\toks29
\gls@tmplen=\skip97
\glswrite=\write3
\glskeylisttok=\toks30
\glslabeltok=\toks31
\glsshorttok=\toks32
\glslongtok=\toks33

("C:\Program Files\MiKTeX 2.9\tex\latex\glossaries\styles\glossary-hypernav.sty
"
Package: glossary-hypernav 2007/07/04 v1.01 (NLCT)
) ("C:\Program Files\MiKTeX 2.9\tex\latex\glossaries\styles\glossary-list.sty"
Package: glossary-list 2011/03/28 v3.0 (NLCT)
\glslistdottedwidth=\skip98
) ("C:\Program Files\MiKTeX 2.9\tex\latex\glossaries\styles\glossary-long.sty"
Package: glossary-long 2011/03/28 v3.0 (NLCT)

("C:\Program Files\MiKTeX 2.9\tex\latex\tools\longtable.sty"
Package: longtable 2004/02/01 v4.11 Multi-page Table package (DPC)
\LTleft=\skip99
\LTright=\skip100
\LTpre=\skip101
\LTpost=\skip102
\LTchunksize=\count120
\LTcapwidth=\dimen137
\LT@head=\box33
\LT@firsthead=\box34
\LT@foot=\box35
\LT@lastfoot=\box36
\LT@cols=\count121
\LT@rows=\count122
\c@LT@tables=\count123
\c@LT@chunks=\count124
\LT@p@ftn=\toks34
)
\glsdescwidth=\skip103
\glspagelistwidth=\skip104
)
("C:\Program Files\MiKTeX 2.9\tex\latex\glossaries\styles\glossary-super.sty"
Package: glossary-super 2011/03/28 v3.0 (NLCT)

("C:\Program Files\MiKTeX 2.9\tex\latex\supertabular\supertabular.sty"
Package: supertabular 2004/02/20 v4.1e the supertabular environment
\c@tracingst=\count125
\ST@wd=\dimen138
\ST@rightskip=\skip105
\ST@leftskip=\skip106
\ST@parfillskip=\skip107
\ST@pageleft=\dimen139
\ST@headht=\dimen140
\ST@tailht=\dimen141
\ST@pagesofar=\dimen142
\ST@pboxht=\dimen143
\ST@lineht=\dimen144
\ST@stretchht=\dimen145
\ST@prevht=\dimen146
\ST@toadd=\dimen147
\ST@dimen=\dimen148
\ST@pbox=\box37
))
("C:\Program Files\MiKTeX 2.9\tex\latex\glossaries\styles\glossary-tree.sty"
Package: glossary-tree 2011/03/28 v3.0 (NLCT)
\glstreeindent=\skip108
))
\glo@main@file=\write4
Package glossaries Info: Writing glossary file BACHELOR_THESIS.glo on input lin
e 35.

("C:\Program Files\MiKTeX 2.9\tex\latex\tools\array.sty"
Package: array 2008/09/09 v2.4c Tabular extension package (FMi)
\col@sep=\dimen149
\extrarowheight=\dimen150
\NC@list=\toks35
\extratabsurround=\skip109
\backup@length=\skip110
)
("C:\Program Files\MiKTeX 2.9\tex\latex\float\float.sty"
Package: float 2001/11/08 v1.3d Float enhancements (AL)
\c@float@type=\count126
\float@exts=\toks36
\float@box=\box38
\@float@everytoks=\toks37
\@floatcapt=\box39
)
\@float@every@table=\toks38

("C:\Program Files\MiKTeX 2.9\tex\latex\adjustbox\adjustbox.sty"
Package: adjustbox 2011/11/14 v0.8 Adjusting TeX boxes (trim, clip, ...)

("C:\Program Files\MiKTeX 2.9\tex\latex\adjustbox\adjcalc.sty")
("C:\Program Files\MiKTeX 2.9\tex\latex\collectbox\collectbox.sty"
Package: collectbox 2011/08/23 v0.4 Collect macro arguments as boxes
\collectedbox=\box40
)
\adjbox@tllx=\dimen151
\adjbox@tlly=\dimen152
\adjbox@turx=\dimen153
\adjbox@tury=\dimen154
\adjbox@Width=\dimen155
\adjbox@Height=\dimen156
\adjbox@Depth=\dimen157
\adjbox@Totalheight=\dimen158
Package adjustbox Info: Using driver 'adjpdftex.def'. on input line 290.

("C:\Program Files\MiKTeX 2.9\tex\latex\adjustbox\adjpdftex.def"
File: adjpdftex.def 2011/11/14 v0.8 adjustbox clip driver for pdftex
)
("C:\Program Files\MiKTeX 2.9\tex\latex\ltxmisc\varwidth.sty"
Package: varwidth 2009/03/30 ver 0.92;  Variable-width minipages
\@vwid@box=\box41
\sift@deathcycles=\count127
\@vwid@loff=\dimen159
\@vwid@roff=\dimen160
))
("C:\Program Files\MiKTeX 2.9\tex\latex\psnfss\times.sty"
Package: times 2005/04/12 PSNFSS-v9.2a (SPQR) 
)
("C:\Program Files\MiKTeX 2.9\tex\latex\ltxmisc\url.sty"
\Urlmuskip=\muskip11
Package: url 2006/04/12  ver 3.3  Verb mode for urls, etc.
)
(D:\Gerard\Dropbox\TFC\codi\GitHub\BachelorThesisMisc\ThesisDoc\BACHELOR_THESIS
.aux
(D:\Gerard\Dropbox\TFC\codi\GitHub\BachelorThesisMisc\ThesisDoc\chapters/glossa
ry/glossary.aux)
(D:\Gerard\Dropbox\TFC\codi\GitHub\BachelorThesisMisc\ThesisDoc\chapters/propos
al/proposal.aux)
(D:\Gerard\Dropbox\TFC\codi\GitHub\BachelorThesisMisc\ThesisDoc\chapters/state_
of_the_art/state_of_the_art.aux)
(D:\Gerard\Dropbox\TFC\codi\GitHub\BachelorThesisMisc\ThesisDoc\chapters/ioshar
p/iosharp.aux)
(D:\Gerard\Dropbox\TFC\codi\GitHub\BachelorThesisMisc\ThesisDoc\chapters/ioshar
p-examples/iosharp-examples.aux)
(D:\Gerard\Dropbox\TFC\codi\GitHub\BachelorThesisMisc\ThesisDoc\chapters/altern
ative/alternative.aux)
(D:\Gerard\Dropbox\TFC\codi\GitHub\BachelorThesisMisc\ThesisDoc\chapters/perfor
mance-tests/performance-tests.aux)
(D:\Gerard\Dropbox\TFC\codi\GitHub\BachelorThesisMisc\ThesisDoc\chapters/append
ices/tools.aux

LaTeX Warning: Label `S:linux-spi-spidev' multiply defined.

))
LaTeX Font Info:    Checking defaults for OML/cmm/m/it on input line 59.
LaTeX Font Info:    ... okay on input line 59.
LaTeX Font Info:    Checking defaults for T1/cmr/m/n on input line 59.
LaTeX Font Info:    ... okay on input line 59.
LaTeX Font Info:    Checking defaults for OT1/cmr/m/n on input line 59.
LaTeX Font Info:    ... okay on input line 59.
LaTeX Font Info:    Checking defaults for OMS/pzccm/m/n on input line 59.
LaTeX Font Info:    Try loading font information for OMS+pzccm on input line 59
.
 ("C:\Program Files\MiKTeX 2.9\tex\latex\psnfss\omspzccm.fd"
File: omspzccm.fd 2000/01/03 Fontinst v1.801 font definitions for OMS/pzccm.
)
LaTeX Font Info:    ... okay on input line 59.
LaTeX Font Info:    Checking defaults for OMX/cmex/m/n on input line 59.
LaTeX Font Info:    ... okay on input line 59.
LaTeX Font Info:    Checking defaults for U/cmr/m/n on input line 59.
LaTeX Font Info:    ... okay on input line 59.
LaTeX Font Info:    Checking defaults for TS1/cmr/m/n on input line 59.
LaTeX Font Info:    Try loading font information for TS1+cmr on input line 59.

("C:\Program Files\MiKTeX 2.9\tex\latex\base\ts1cmr.fd"
File: ts1cmr.fd 1999/05/25 v2.5h Standard LaTeX font definitions
)
LaTeX Font Info:    ... okay on input line 59.
LaTeX Font Info:    Font shape `T1/phv/m/n' will be
(Font)              scaled to size 10.79993pt on input line 59.

("C:\Program Files\MiKTeX 2.9\tex\context\base\supp-pdf.mkii"
[Loading MPS to PDF converter (version 2006.09.02).]
\scratchcounter=\count128
\scratchdimen=\dimen161
\scratchbox=\box42
\nofMPsegments=\count129
\nofMParguments=\count130
\everyMPshowfont=\toks39
\MPscratchCnt=\count131
\MPscratchDim=\dimen162
\MPnumerator=\count132
\makeMPintoPDFobject=\count133
\everyMPtoPDFconversion=\toks40
)
Package caption Info: Begin \AtBeginDocument code.
Package caption Info: float package is loaded.
Package caption Info: listings package is loaded.
Package caption Info: longtable package is loaded.
 ("C:\Program Files\MiKTeX 2.9\tex\latex\caption\ltcaption.sty"
Package: ltcaption 2011/09/12 v1.3 longtable captions (AR)
)
Package caption Info: supertabular package is loaded.
Package caption Info: End \AtBeginDocument code.
\c@lstlisting=\count134
LaTeX Info: Redefining \l on input line 59.
LaTeX Info: Redefining \L on input line 59.

("C:\Program Files\MiKTeX 2.9\tex\latex\glossaries\dict\glossaries-dictionary-E
nglish.dict"
Dictionary: glossaries-dictionary, Language: English 
)
LaTeX Font Info:    Font shape `T1/phv/bx/n' in size <12> not available
(Font)              Font shape `T1/phv/b/n' tried instead on input line 72.
LaTeX Font Info:    Font shape `T1/phv/b/n' will be
(Font)              scaled to size 10.79993pt on input line 72.
LaTeX Font Info:    Try loading font information for OT1+ptmcm on input line 72
.
 ("C:\Program Files\MiKTeX 2.9\tex\latex\psnfss\ot1ptmcm.fd"
File: ot1ptmcm.fd 2000/01/03 Fontinst v1.801 font definitions for OT1/ptmcm.
)
LaTeX Font Info:    Try loading font information for OML+ptmcm on input line 72
.

("C:\Program Files\MiKTeX 2.9\tex\latex\psnfss\omlptmcm.fd"
File: omlptmcm.fd 2000/01/03 Fontinst v1.801 font definitions for OML/ptmcm.
)
LaTeX Font Info:    Try loading font information for OMX+psycm on input line 72
.

("C:\Program Files\MiKTeX 2.9\tex\latex\psnfss\omxpsycm.fd"
File: omxpsycm.fd 2000/01/03 Fontinst v1.801 font definitions for OMX/psycm.
)
LaTeX Font Info:    Font shape `OT1/ptm/bx/n' in size <12> not available
(Font)              Font shape `OT1/ptm/b/n' tried instead on input line 72.
LaTeX Font Info:    Font shape `OT1/ptm/bx/n' in size <9> not available
(Font)              Font shape `OT1/ptm/b/n' tried instead on input line 72.
LaTeX Font Info:    Font shape `OT1/ptm/bx/n' in size <7> not available
(Font)              Font shape `OT1/ptm/b/n' tried instead on input line 72.
LaTeX Font Info:    Try loading font information for U+msa on input line 72.

("C:\Program Files\MiKTeX 2.9\tex\latex\amsfonts\umsa.fd"
File: umsa.fd 2009/06/22 v3.00 AMS symbols A
)
LaTeX Font Info:    Try loading font information for U+msb on input line 72.

("C:\Program Files\MiKTeX 2.9\tex\latex\amsfonts\umsb.fd"
File: umsb.fd 2009/06/22 v3.00 AMS symbols B
)
LaTeX Font Info:    Font shape `T1/phv/m/n' will be
(Font)              scaled to size 22.39185pt on input line 72.
LaTeX Font Info:    Font shape `T1/phv/bx/n' in size <24.88> not available
(Font)              Font shape `T1/phv/b/n' tried instead on input line 72.
LaTeX Font Info:    Font shape `T1/phv/b/n' will be
(Font)              scaled to size 22.39185pt on input line 72.

Underfull \hbox (badness 10000) in paragraph at lines 72--72

 []


Overfull \hbox (6.79999pt too wide) in paragraph at lines 72--72
[]|[]| 
 []


Overfull \hbox (12.0pt too wide) in paragraph at lines 72--72
[][] 
 []

[1

{C:/ProgramData/MiKTeX/2.9/pdftex/config/pdftex.map} <D:/Gerard/Dropbox/TFC/cod
i/GitHub/BachelorThesisMisc/ThesisDoc/pictures/logos/logo_EETAC.png>]
[2

]
\Hresum=\skip111

Underfull \hbox (badness 10000) in paragraph at lines 78--78

 []


Overfull \hbox (9.80226pt too wide) in paragraph at lines 78--78
 [] 
 []


Overfull \hbox (12.79999pt too wide) in paragraph at lines 78--80
 [] 
 []

[3] [4

]
\Hoverview=\skip112

Underfull \hbox (badness 10000) in paragraph at lines 86--86

 []


Overfull \hbox (9.80226pt too wide) in paragraph at lines 86--86
 [] 
 []


Overfull \hbox (12.79999pt too wide) in paragraph at lines 86--88
 [] 
 []

[5] [6

] [7] [8

]
LaTeX Font Info:    Font shape `T1/phv/m/n' will be
(Font)              scaled to size 18.66588pt on input line 99.
LaTeX Font Info:    Font shape `T1/phv/bx/n' in size <20.74> not available
(Font)              Font shape `T1/phv/b/n' tried instead on input line 99.
LaTeX Font Info:    Font shape `T1/phv/b/n' will be
(Font)              scaled to size 18.66588pt on input line 99.

Underfull \hbox (badness 10000) in paragraph at lines 99--99

 []


(D:\Gerard\Dropbox\TFC\codi\GitHub\BachelorThesisMisc\ThesisDoc\BACHELOR_THESIS
.toc
LaTeX Font Info:    Font shape `T1/phv/m/n' will be
(Font)              scaled to size 12.9599pt on input line 5.
LaTeX Font Info:    Font shape `T1/phv/bx/n' in size <14.4> not available
(Font)              Font shape `T1/phv/b/n' tried instead on input line 5.
LaTeX Font Info:    Font shape `T1/phv/b/n' will be
(Font)              scaled to size 12.9599pt on input line 5.

Overfull \hbox (3.28217pt too wide) detected at line 6
\T1/phv/b/n/14.4 CHAPTER  1.   
 []


Overfull \hbox (3.28217pt too wide) detected at line 12
\T1/phv/b/n/14.4 CHAPTER  2.   
 []


Overfull \hbox (3.28217pt too wide) detected at line 20
\T1/phv/b/n/14.4 CHAPTER  3.   
 []


Overfull \hbox (3.28217pt too wide) detected at line 39
\T1/phv/b/n/14.4 CHAPTER  4.   
 []

[9]
Overfull \hbox (3.28217pt too wide) detected at line 46
\T1/phv/b/n/14.4 CHAPTER  5.   
 []


Overfull \hbox (3.28217pt too wide) detected at line 47
\T1/phv/b/n/14.4 CHAPTER  6.   
 []


Overfull \hbox (11.85219pt too wide) detected at line 55
\T1/phv/b/n/14.4 APPENDIX A.   
 []


Overfull \hbox (11.85219pt too wide) detected at line 60
\T1/phv/b/n/14.4 APPENDIX B.   
 []

)
\tf@toc=\write5
 [10]
Underfull \hbox (badness 10000) in paragraph at lines 105--105

 []


(D:\Gerard\Dropbox\TFC\codi\GitHub\BachelorThesisMisc\ThesisDoc\BACHELOR_THESIS
.lof)
\tf@lof=\write6
 [11

] [12

]
Underfull \hbox (badness 10000) in paragraph at lines 111--111

 []


(D:\Gerard\Dropbox\TFC\codi\GitHub\BachelorThesisMisc\ThesisDoc\BACHELOR_THESIS
.lot)
\tf@lot=\write7
 [13] [14

]
(D:\Gerard\Dropbox\TFC\codi\GitHub\BachelorThesisMisc\ThesisDoc\chapters/glossa
ry/glossary.tex)
Underfull \hbox (badness 10000) in paragraph at lines 125--135

 []

LaTeX Font Info:    Font shape `T1/phv/m/n' will be
(Font)              scaled to size 8.99994pt on input line 135.
[1



] [2]
(D:\Gerard\Dropbox\TFC\codi\GitHub\BachelorThesisMisc\ThesisDoc\chapters/propos
al/proposal.tex
Chapter 1.
LaTeX Font Info:    Font shape `T1/phv/m/n' will be
(Font)              scaled to size 15.55188pt on input line 6.
LaTeX Font Info:    Font shape `T1/phv/bx/n' in size <17.28> not available
(Font)              Font shape `T1/phv/b/n' tried instead on input line 6.
LaTeX Font Info:    Font shape `T1/phv/b/n' will be
(Font)              scaled to size 15.55188pt on input line 6.
[3


] <pictures/proposal/aaaida-use-case.png, id=60, 746.79pt x 403.5075pt>
File: pictures/proposal/aaaida-use-case.png Graphic file (type png)

<use pictures/proposal/aaaida-use-case.png>
Package pdftex.def Info: pictures/proposal/aaaida-use-case.png used on input li
ne 28.
(pdftex.def)             Requested size: 426.79134pt x 230.60506pt.
) [4 <D:/Gerard/Dropbox/TFC/codi/GitHub/BachelorThesisMisc/ThesisDoc/pictures/p
roposal/aaaida-use-case.png>]
[5]
(D:\Gerard\Dropbox\TFC\codi\GitHub\BachelorThesisMisc\ThesisDoc\chapters/state_
of_the_art/state_of_the_art.tex [6



]
Chapter 2.
LaTeX Font Info:    Try loading font information for TS1+phv on input line 19.
("C:\Program Files\MiKTeX 2.9\tex\latex\psnfss\ts1phv.fd"
File: ts1phv.fd 2001/06/04 scalable font definitions for TS1/phv.
)
LaTeX Font Info:    Font shape `T1/phv/m/it' in size <12> not available
(Font)              Font shape `T1/phv/m/sl' tried instead on input line 23.
LaTeX Font Info:    Font shape `T1/phv/m/sl' will be
(Font)              scaled to size 10.79993pt on input line 23.

Overfull \hbox (0.10304pt too wide) in paragraph at lines 23--24
\T1/phv/m/n/12 this ab-stracted layer is com-mon in ev-ery de-vice that im-ple-
ments that virtual-machine.
 []

[7] [8]
Underfull \hbox (badness 10000) in paragraph at lines 53--62

 []

[9]) [10]
(D:\Gerard\Dropbox\TFC\codi\GitHub\BachelorThesisMisc\ThesisDoc\chapters/ioshar
p/iosharp.tex
Chapter 3.

Underfull \hbox (badness 10000) in paragraph at lines 2--6

 []


Underfull \hbox (badness 10000) in paragraph at lines 8--14

 []

[11



]
Underfull \hbox (badness 10000) in paragraph at lines 40--52

 []

[12]
Underfull \hbox (badness 10000) in paragraph at lines 54--60

 []

[13] <pictures/iosharp/gpio.pdf, id=96, 365.82552pt x 262.81488pt>
File: pictures/iosharp/gpio.pdf Graphic file (type pdf)

<use pictures/iosharp/gpio.pdf>
Package pdftex.def Info: pictures/iosharp/gpio.pdf used on input line 71.
(pdftex.def)             Requested size: 426.79134pt x 306.62193pt.
 [14 <D:/Gerard/Dropbox/TFC/codi/GitHub/BachelorThesisMisc/ThesisDoc/pictures/i
osharp/gpio.pdf>]
<pictures/iosharp/interrupt-uml.pdf, id=185, 387.7141pt x 254.12541pt>
File: pictures/iosharp/interrupt-uml.pdf Graphic file (type pdf)

<use pictures/iosharp/interrupt-uml.pdf>
Package pdftex.def Info: pictures/iosharp/interrupt-uml.pdf used on input line 
88.
(pdftex.def)             Requested size: 426.79134pt x 279.75595pt.
 [15]
Overfull \hbox (16.35498pt too wide) in paragraph at lines 99--106
\T1/phv/m/n/12 For ex-am-ple, imag-ine that you cre-ate a li-brary with 3 func-
tions, called []\T1/pcr/m/n/12 get_password()\T1/phv/m/n/12 ,
 []


Overfull \hbox (0.31944pt too wide) in paragraph at lines 99--106
\T1/phv/m/n/12 only use two of this func-tions, which are []\T1/pcr/m/n/12 get_
password() \T1/phv/m/n/12 and []\T1/pcr/m/n/12 get_token()\T1/phv/m/n/12 . When

 []

[16 <D:/Gerard/Dropbox/TFC/codi/GitHub/BachelorThesisMisc/ThesisDoc/pictures/io
sharp/interrupt-uml.pdf>]
Underfull \hbox (badness 10000) in paragraph at lines 127--138

 []


Underfull \hbox (badness 10000) in paragraph at lines 127--138

 []

("C:\Program Files\MiKTeX 2.9\tex\latex\listings\lstlang1.sty"
File: lstlang1.sty 2004/09/05 1.3 listings language file
)
("C:\Program Files\MiKTeX 2.9\tex\latex\listings\lstmisc.sty"
File: lstmisc.sty 2007/02/22 1.4 (Carsten Heinz)
) [17]
Overfull \hbox (6.0pt too wide) in paragraph at lines 139--139
[][][][][][][] 
 []

LaTeX Font Info:    Font shape `T1/phv/m/n' will be
(Font)              scaled to size 7.19995pt on input line 139.
LaTeX Font Info:    Font shape `OT1/ptm/bx/n' in size <8> not available
(Font)              Font shape `OT1/ptm/b/n' tried instead on input line 140.
LaTeX Font Info:    Font shape `OT1/ptm/bx/n' in size <6> not available
(Font)              Font shape `OT1/ptm/b/n' tried instead on input line 140.
LaTeX Font Info:    Font shape `OT1/ptm/bx/n' in size <5> not available
(Font)              Font shape `OT1/ptm/b/n' tried instead on input line 140.

Overfull \hbox (6.0pt too wide) in paragraph at lines 172--172
[][][][][][][] 
 []


Overfull \hbox (6.0pt too wide) in paragraph at lines 182--182
[][][][][][][] 
 []

[18]
<pictures/iosharp/interrupt-schema.pdf, id=304, 841.96147pt x 558.15424pt>
File: pictures/iosharp/interrupt-schema.pdf Graphic file (type pdf)

<use pictures/iosharp/interrupt-schema.pdf>
Package pdftex.def Info: pictures/iosharp/interrupt-schema.pdf used on input li
ne 205.
(pdftex.def)             Requested size: 426.79134pt x 282.93451pt.
 [19 <D:/Gerard/Dropbox/TFC/codi/GitHub/BachelorThesisMisc/ThesisDoc/pictures/i
osharp/interrupt-schema.pdf, page is rotated 90 degrees>]
<pictures/iosharp/spi-modules.pdf, id=362, 338.8918pt x 130.80046pt>
File: pictures/iosharp/spi-modules.pdf Graphic file (type pdf)

<use pictures/iosharp/spi-modules.pdf>
Package pdftex.def Info: pictures/iosharp/spi-modules.pdf used on input line 23
9.
(pdftex.def)             Requested size: 426.79134pt x 164.73358pt.

Overfull \hbox (16.74092pt too wide) in paragraph at lines 246--252
\T1/phv/m/n/12 idea is to use the func-tions pro-vided by the Linux Ker-nel by 
us-ing the []\T1/pcr/m/n/12 <linux/spi/spidev.h>
 []


Underfull \hbox (badness 10000) in paragraph at lines 246--252

 []

[20 <D:/Gerard/Dropbox/TFC/codi/GitHub/BachelorThesisMisc/ThesisDoc/pictures/io
sharp/spi-modules.pdf, page is rotated 90 degrees>]
<pictures/iosharp/spi-modes.pdf, id=384, 470.68848pt x 319.48299pt>
File: pictures/iosharp/spi-modes.pdf Graphic file (type pdf)

<use pictures/iosharp/spi-modes.pdf>
Package pdftex.def Info: pictures/iosharp/spi-modes.pdf used on input line 256.

(pdftex.def)             Requested size: 329.47968pt x 223.63655pt.
 [21 <D:/Gerard/Dropbox/TFC/codi/GitHub/BachelorThesisMisc/ThesisDoc/pictures/i
osharp/spi-modes.pdf, page is rotated 90 degrees>]
Overfull \hbox (6.0pt too wide) in paragraph at lines 262--262
[][][][][][][] 
 []


Overfull \hbox (6.0pt too wide) in paragraph at lines 274--274
[][][][][][][] 
 []


Overfull \hbox (6.0pt too wide) in paragraph at lines 288--288
[][][][][][][] 
 []

<pictures/iosharp/spi-uml.pdf, id=410, 247.7811pt x 187.64606pt>
File: pictures/iosharp/spi-uml.pdf Graphic file (type pdf)

<use pictures/iosharp/spi-uml.pdf>
Package pdftex.def Info: pictures/iosharp/spi-uml.pdf used on input line 302.
(pdftex.def)             Requested size: 247.78049pt x 187.64558pt.
 [22]
Overfull \hbox (6.0pt too wide) in paragraph at lines 310--310
[][][][][][][] 
 []

[23 <D:/Gerard/Dropbox/TFC/codi/GitHub/BachelorThesisMisc/ThesisDoc/pictures/io
sharp/spi-uml.pdf>]
Overfull \hbox (4.86845pt too wide) in paragraph at lines 320--321
[]\T1/pcr/m/n/12 [StructLayout(LayoutKind.Sequential, CharSet = CharSet.Unicode
)] \T1/phv/m/n/12 which is
 []


Overfull \hbox (6.0pt too wide) in paragraph at lines 322--322
[][][][][][][] 
 []

<pictures/iosharp/uart-modules.pdf, id=487, 568.78427pt x 126.83685pt>
File: pictures/iosharp/uart-modules.pdf Graphic file (type pdf)

<use pictures/iosharp/uart-modules.pdf>
Package pdftex.def Info: pictures/iosharp/uart-modules.pdf used on input line 3
55.
(pdftex.def)             Requested size: 341.27318pt x 76.10268pt.
 [24]
<pictures/iosharp/serialport-uml.pdf, id=491, 354.78154pt x 375.80602pt>
File: pictures/iosharp/serialport-uml.pdf Graphic file (type pdf)

<use pictures/iosharp/serialport-uml.pdf>
Package pdftex.def Info: pictures/iosharp/serialport-uml.pdf used on input line
 366.
(pdftex.def)             Requested size: 354.78067pt x 375.80508pt.
 [25 <D:/Gerard/Dropbox/TFC/codi/GitHub/BachelorThesisMisc/ThesisDoc/pictures/i
osharp/uart-modules.pdf, page is rotated 90 degrees>] [26 <D:/Gerard/Dropbox/TF
C/codi/GitHub/BachelorThesisMisc/ThesisDoc/pictures/iosharp/serialport-uml.pdf>
]

pdfTeX warning: pdflatex (file D:/Gerard/Dropbox/TFC/codi/GitHub/BachelorThesis
Misc/ThesisDoc/pictures/iosharp/mapping-raspberrypi.pdf): PDF inclusion: found 
PDF version <1.6>, but at most version <1.5> allowed
<pictures/iosharp/mapping-raspberrypi.pdf, id=614, 945.41205pt x 1003.6195pt>
File: pictures/iosharp/mapping-raspberrypi.pdf Graphic file (type pdf)

<use pictures/iosharp/mapping-raspberrypi.pdf>
Package pdftex.def Info: pictures/iosharp/mapping-raspberrypi.pdf used on input
 line 381.
(pdftex.def)             Requested size: 283.6258pt x 301.08818pt.
)
Underfull \hbox (badness 10000) in paragraph at lines 385--150

 []

[27 <D:/Gerard/Dropbox/TFC/codi/GitHub/BachelorThesisMisc/ThesisDoc/pictures/io
sharp/mapping-raspberrypi.pdf>]
(D:\Gerard\Dropbox\TFC\codi\GitHub\BachelorThesisMisc\ThesisDoc\chapters/ioshar
p-examples/iosharp-examples.tex [28



]
Chapter 4.
File: pictures/proposal/aaaida-use-case.png Graphic file (type png)
<use pictures/proposal/aaaida-use-case.png>
Package pdftex.def Info: pictures/proposal/aaaida-use-case.png used on input li
ne 12.
(pdftex.def)             Requested size: 426.79134pt x 230.60506pt.
 [29]
Overfull \hbox (6.0pt too wide) in paragraph at lines 31--31
[][][][][][][] 
 []

[30]
Overfull \hbox (6.0pt too wide) in paragraph at lines 62--62
[][][][][][][] 
 []

[31]) [32]
(D:\Gerard\Dropbox\TFC\codi\GitHub\BachelorThesisMisc\ThesisDoc\chapters/altern
ative/alternative.tex
Chapter 5.
) [33



]
(D:\Gerard\Dropbox\TFC\codi\GitHub\BachelorThesisMisc\ThesisDoc\chapters/perfor
mance-tests/performance-tests.tex [34



]
Chapter 6.

Overfull \hbox (6.0pt too wide) in paragraph at lines 10--10
[][][][][][][] 
 []

("C:\Program Files\MiKTeX 2.9\tex\latex\listings\lstlang1.sty"
File: lstlang1.sty 2004/09/05 1.3 listings language file
) [35]
Overfull \hbox (6.0pt too wide) in paragraph at lines 44--44
[][][][][][][] 
 []


<pictures/performance-tests/GPIO/200/csharp.pdf, id=649, 893.3375pt x 169.63374
pt>
File: pictures/performance-tests/GPIO/200/csharp.pdf Graphic file (type pdf)
 <use pictures/performance-tests/GPIO/200/csharp.pdf>
Package pdftex.def Info: pictures/performance-tests/GPIO/200/csharp.pdf used on
 input line 82.
(pdftex.def)             Requested size: 426.79134pt x 81.04277pt.

<pictures/performance-tests/GPIO/graphs.pdf, id=650, page=1, 438.87836pt x 258.
20164pt>
File: pictures/performance-tests/GPIO/graphs.pdf Graphic file (type pdf)
 <use pictures/performance-tests/GPIO/graphs.pdf, page 1>
Package pdftex.def Info: pictures/performance-tests/GPIO/graphs.pdf, page1 used
 on input line 91.
(pdftex.def)             Requested size: 394.98686pt x 232.37932pt.
 [36 <D:/Gerard/Dropbox/TFC/codi/GitHub/BachelorThesisMisc/ThesisDoc/pictures/p
erformance-tests/GPIO/200/csharp.pdf>]
<pictures/performance-tests/GPIO/graphs.pdf, id=666, page=2, 440.19225pt x 258.
8591pt>
File: pictures/performance-tests/GPIO/graphs.pdf Graphic file (type pdf)
 <use pictures/performance-tests/GPIO/graphs.pdf, page 2>
Package pdftex.def Info: pictures/performance-tests/GPIO/graphs.pdf, page2 used
 on input line 100.
(pdftex.def)             Requested size: 396.16936pt x 232.97102pt.
) [37 <D:/Gerard/Dropbox/TFC/codi/GitHub/BachelorThesisMisc/ThesisDoc/pictures/
performance-tests/GPIO/graphs.pdf> <D:/Gerard/Dropbox/TFC/codi/GitHub/BachelorT
hesisMisc/ThesisDoc/pictures/performance-tests/GPIO/graphs.pdf>] [38]
(D:\Gerard\Dropbox\TFC\codi\GitHub\BachelorThesisMisc\ThesisDoc\BACHELOR_THESIS
.gls) [39



] [40

] [41] [42

]
Underfull \hbox (badness 10000) in paragraph at lines 226--226

 []


Overfull \hbox (6.79999pt too wide) in paragraph at lines 226--226
[]|[]| 
 []


Overfull \hbox (12.0pt too wide) in paragraph at lines 226--228
[][]
 []


Underfull \hbox (badness 10000) in paragraph at lines 226--228

 []

[-1]
(D:\Gerard\Dropbox\TFC\codi\GitHub\BachelorThesisMisc\ThesisDoc\chapters/append
ices/tools.tex [0


]
Appendix A.

Overfull \hbox (6.0pt too wide) in paragraph at lines 5--5
[][][][][][][] 
 []

[1]
Underfull \hbox (badness 10000) in paragraph at lines 107--109

 []


Overfull \hbox (6.0pt too wide) in paragraph at lines 110--110
[][][][][][][] 
 []

[2] [3] [4]
Appendix B.
) [5

] [6


]
(D:\Gerard\Dropbox\TFC\codi\GitHub\BachelorThesisMisc\ThesisDoc\BACHELOR_THESIS
.aux
(D:\Gerard\Dropbox\TFC\codi\GitHub\BachelorThesisMisc\ThesisDoc\chapters/glossa
ry/glossary.aux)
(D:\Gerard\Dropbox\TFC\codi\GitHub\BachelorThesisMisc\ThesisDoc\chapters/propos
al/proposal.aux)
(D:\Gerard\Dropbox\TFC\codi\GitHub\BachelorThesisMisc\ThesisDoc\chapters/state_
of_the_art/state_of_the_art.aux)
(D:\Gerard\Dropbox\TFC\codi\GitHub\BachelorThesisMisc\ThesisDoc\chapters/ioshar
p/iosharp.aux)
(D:\Gerard\Dropbox\TFC\codi\GitHub\BachelorThesisMisc\ThesisDoc\chapters/ioshar
p-examples/iosharp-examples.aux)
(D:\Gerard\Dropbox\TFC\codi\GitHub\BachelorThesisMisc\ThesisDoc\chapters/altern
ative/alternative.aux)
(D:\Gerard\Dropbox\TFC\codi\GitHub\BachelorThesisMisc\ThesisDoc\chapters/perfor
mance-tests/performance-tests.aux)
(D:\Gerard\Dropbox\TFC\codi\GitHub\BachelorThesisMisc\ThesisDoc\chapters/append
ices/tools.aux))

LaTeX Warning: There were multiply-defined labels.

 ) 
Here is how much of TeX's memory you used:
 11565 strings out of 494045
 167808 string characters out of 3148385
 495457 words of memory out of 3000000
 14509 multiletter control sequences out of 15000+200000
 66773 words of font info for 104 fonts, out of 3000000 for 9000
 715 hyphenation exceptions out of 8191
 51i,14n,96p,1326b,1829s stack positions out of 5000i,500n,10000p,200000b,50000s
{C:/Program Files/MiKTeX 2.9/fonts/enc/dvips/fontname/8r.enc}<C:/Program File
s/MiKTeX 2.9/fonts/type1/public/amsfonts/cm/cmmi10.pfb><C:/Program Files/MiKTeX
 2.9/fonts/type1/public/amsfonts/cm/cmsy10.pfb><C:/Program Files/MiKTeX 2.9/fon
ts/type1/urw/courier/ucrr8a.pfb><C:/Program Files/MiKTeX 2.9/fonts/type1/urw/he
lvetic/uhvb8a.pfb><C:/Program Files/MiKTeX 2.9/fonts/type1/urw/helvetic/uhvr8a.
pfb><C:/Program Files/MiKTeX 2.9/fonts/type1/urw/helvetic/uhvro8a.pfb><C:/Progr
am Files/MiKTeX 2.9/fonts/type1/urw/times/utmr8a.pfb>
Output written on BACHELOR_THESIS.pdf (64 pages, 1232805 bytes).
PDF statistics:
 750 PDF objects out of 1000 (max. 8388607)
 0 named destinations out of 1000 (max. 500000)
 71 words of extra memory for PDF output out of 10000 (max. 10000000)

